# JRE version: OpenJDK Runtime Environment Temurin-21.0.10+7 (21.0.10+7) (build 21.0.10+7-LTS)
# Java VM: OpenJDK 64-Bit Server VM Temurin-21.0.10+7 (21.0.10+7-LTS, mixed mode, sharing, tiered, compressed oops, compressed class ptrs, parallel gc, windows-amd64)
GC Precious Log:
 CardTable entry size: 512
 CPUs: 8 total, 8 available
 Memory: 7876M
 Large Page Support: Disabled
 NUMA Support: Disabled
 Compressed Oops: Enabled (32-bit)
 Alignments: Space 512K, Generation 512K, Heap 2M
 Heap Min Capacity: 100M
 Heap Initial Capacity: 100M
 Heap Max Capacity: 2G
 Pre-touch: Disabled
 Parallel Workers: 8
Heap:
 PSYoungGen      total 6144K, used 3680K [0x00000000d5580000, 0x00000000d5d80000, 0x0000000100000000)
  eden space 4096K, 52% used [0x00000000d5580000,0x00000000d57987d0,0x00000000d5980000)
  from space 2048K, 74% used [0x00000000d5b80000,0x00000000d5cff960,0x00000000d5d80000)
  to   space 2048K, 0% used [0x00000000d5980000,0x00000000d5980000,0x00000000d5b80000)
 ParOldGen       total 754688K, used 754531K [0x0000000080000000, 0x00000000ae100000, 0x00000000d5580000)
  object space 754688K, 99% used [0x0000000080000000,0x00000000ae0d8dd8,0x00000000ae100000)
 Metaspace       used 91827K, committed 93440K, reserved 1179648K
  class space    used 9160K, committed 9920K, reserved 1048576K
GC Heap History (20 events):
Event: 4884.997 GC heap before
{Heap before GC invocations=2962 (full 5):
 PSYoungGen      total 2560K, used 2512K [0x00000000d5580000, 0x00000000d5900000, 0x0000000100000000)
  eden space 2048K, 100% used [0x00000000d5580000,0x00000000d5780000,0x00000000d5780000)
  from space 512K, 90% used [0x00000000d5880000,0x00000000d58f4010,0x00000000d5900000)
  to   space 512K, 0% used [0x00000000d5800000,0x00000000d5800000,0x00000000d5880000)
 ParOldGen       total 745984K, used 745637K [0x0000000080000000, 0x00000000ad880000, 0x00000000d5580000)
  object space 745984K, 99% used [0x0000000080000000,0x00000000ad829660,0x00000000ad880000)
 Metaspace       used 91827K, committed 93440K, reserved 1179648K
  class space    used 9160K, committed 9920K, reserved 1048576K
}
Event: 4884.998 GC heap after
{Heap after GC invocations=2962 (full 5):
 PSYoungGen      total 2560K, used 512K [0x00000000d5580000, 0x00000000d5980000, 0x0000000100000000)
  eden space 2048K, 0% used [0x00000000d5580000,0x00000000d5580000,0x00000000d5780000)
  from space 512K, 100% used [0x00000000d5800000,0x00000000d5880000,0x00000000d5880000)
  to   space 1024K, 0% used [0x00000000d5880000,0x00000000d5880000,0x00000000d5980000)
 ParOldGen       total 745984K, used 745697K [0x0000000080000000, 0x00000000ad880000, 0x00000000d5580000)
  object space 745984K, 99% used [0x0000000080000000,0x00000000ad838670,0x00000000ad880000)
 Metaspace       used 91827K, committed 93440K, reserved 1179648K
  class space    used 9160K, committed 9920K, reserved 1048576K
}
Event: 4885.007 GC heap before
{Heap before GC invocations=2963 (full 5):
 PSYoungGen      total 2560K, used 2560K [0x00000000d5580000, 0x00000000d5980000, 0x0000000100000000)
  eden space 2048K, 100% used [0x00000000d5580000,0x00000000d5780000,0x00000000d5780000)
  from space 512K, 100% used [0x00000000d5800000,0x00000000d5880000,0x00000000d5880000)
  to   space 1024K, 0% used [0x00000000d5880000,0x00000000d5880000,0x00000000d5980000)
 ParOldGen       total 745984K, used 745697K [0x0000000080000000, 0x00000000ad880000, 0x00000000d5580000)
  object space 745984K, 99% used [0x0000000080000000,0x00000000ad838670,0x00000000ad880000)
 Metaspace       used 91827K, committed 93440K, reserved 1179648K
  class space    used 9160K, committed 9920K, reserved 1048576K
}
Event: 4885.012 GC heap after
{Heap after GC invocations=2963 (full 5):
 PSYoungGen      total 3072K, used 864K [0x00000000d5580000, 0x00000000d5980000, 0x0000000100000000)
  eden space 2048K, 0% used [0x00000000d5580000,0x00000000d5580000,0x00000000d5780000)
  from space 1024K, 84% used [0x00000000d5880000,0x00000000d5958000,0x00000000d5980000)
  to   space 1024K, 0% used [0x00000000d5780000,0x00000000d5780000,0x00000000d5880000)
 ParOldGen       total 746496K, used 746188K [0x0000000080000000, 0x00000000ad900000, 0x00000000d5580000)
  object space 746496K, 99% used [0x0000000080000000,0x00000000ad8b3238,0x00000000ad900000)
 Metaspace       used 91827K, committed 93440K, reserved 1179648K
  class space    used 9160K, committed 9920K, reserved 1048576K
}
Event: 4900.767 GC heap before
{Heap before GC invocations=2964 (full 5):
 PSYoungGen      total 3072K, used 2910K [0x00000000d5580000, 0x00000000d5980000, 0x0000000100000000)
  eden space 2048K, 99% used [0x00000000d5580000,0x00000000d577f948,0x00000000d5780000)
  from space 1024K, 84% used [0x00000000d5880000,0x00000000d5958000,0x00000000d5980000)
  to   space 1024K, 0% used [0x00000000d5780000,0x00000000d5780000,0x00000000d5880000)
 ParOldGen       total 746496K, used 746188K [0x0000000080000000, 0x00000000ad900000, 0x00000000d5580000)
  object space 746496K, 99% used [0x0000000080000000,0x00000000ad8b3238,0x00000000ad900000)
 Metaspace       used 91827K, committed 93440K, reserved 1179648K
  class space    used 9160K, committed 9920K, reserved 1048576K
}
Event: 4900.772 GC heap after
{Heap after GC invocations=2964 (full 5):
 PSYoungGen      total 3072K, used 128K [0x00000000d5580000, 0x00000000d5900000, 0x0000000100000000)
  eden space 2048K, 0% used [0x00000000d5580000,0x00000000d5580000,0x00000000d5780000)
  from space 1024K, 12% used [0x00000000d5780000,0x00000000d57a0000,0x00000000d5880000)
  to   space 512K, 0% used [0x00000000d5880000,0x00000000d5880000,0x00000000d5900000)
 ParOldGen       total 746496K, used 746378K [0x0000000080000000, 0x00000000ad900000, 0x00000000d5580000)
  object space 746496K, 99% used [0x0000000080000000,0x00000000ad8e29b8,0x00000000ad900000)
 Metaspace       used 91827K, committed 93440K, reserved 1179648K
  class space    used 9160K, committed 9920K, reserved 1048576K
}
Event: 4900.784 GC heap before
{Heap before GC invocations=2965 (full 5):
 PSYoungGen      total 3072K, used 2176K [0x00000000d5580000, 0x00000000d5900000, 0x0000000100000000)
  eden space 2048K, 100% used [0x00000000d5580000,0x00000000d5780000,0x00000000d5780000)
  from space 1024K, 12% used [0x00000000d5780000,0x00000000d57a0000,0x00000000d5880000)
  to   space 512K, 0% used [0x00000000d5880000,0x00000000d5880000,0x00000000d5900000)
 ParOldGen       total 746496K, used 746378K [0x0000000080000000, 0x00000000ad900000, 0x00000000d5580000)
  object space 746496K, 99% used [0x0000000080000000,0x00000000ad8e29b8,0x00000000ad900000)
 Metaspace       used 91827K, committed 93440K, reserved 1179648K
  class space    used 9160K, committed 9920K, reserved 1048576K
}
Event: 4900.787 GC heap after
{Heap after GC invocations=2965 (full 5):
 PSYoungGen      total 2048K, used 511K [0x00000000d5580000, 0x00000000d5a80000, 0x0000000100000000)
  eden space 1536K, 0% used [0x00000000d5580000,0x00000000d5580000,0x00000000d5700000)
  from space 512K, 99% used [0x00000000d5880000,0x00000000d58ffcb0,0x00000000d5900000)
  to   space 1536K, 0% used [0x00000000d5700000,0x00000000d5700000,0x00000000d5880000)
 ParOldGen       total 747520K, used 747135K [0x0000000080000000, 0x00000000ada00000, 0x00000000d5580000)
  object space 747520K, 99% used [0x0000000080000000,0x00000000ad99fda0,0x00000000ada00000)
 Metaspace       used 91827K, committed 93440K, reserved 1179648K
  class space    used 9160K, committed 9920K, reserved 1048576K
}
Event: 4900.793 GC heap before
{Heap before GC invocations=2966 (full 5):
 PSYoungGen      total 2048K, used 2047K [0x00000000d5580000, 0x00000000d5a80000, 0x0000000100000000)
  eden space 1536K, 99% used [0x00000000d5580000,0x00000000d56fffd0,0x00000000d5700000)
  from space 512K, 99% used [0x00000000d5880000,0x00000000d58ffcb0,0x00000000d5900000)
  to   space 1536K, 0% used [0x00000000d5700000,0x00000000d5700000,0x00000000d5880000)
 ParOldGen       total 747520K, used 747135K [0x0000000080000000, 0x00000000ada00000, 0x00000000d5580000)
  object space 747520K, 99% used [0x0000000080000000,0x00000000ad99fda0,0x00000000ada00000)
 Metaspace       used 91827K, committed 93440K, reserved 1179648K
  class space    used 9160K, committed 9920K, reserved 1048576K
}
Event: 4900.797 GC heap after
{Heap after GC invocations=2966 (full 5):
 PSYoungGen      total 3072K, used 1536K [0x00000000d5580000, 0x00000000d5c00000, 0x0000000100000000)
  eden space 1536K, 0% used [0x00000000d5580000,0x00000000d5580000,0x00000000d5700000)
  from space 1536K, 100% used [0x00000000d5700000,0x00000000d5880000,0x00000000d5880000)
  to   space 2560K, 0% used [0x00000000d5980000,0x00000000d5980000,0x00000000d5c00000)
 ParOldGen       total 748032K, used 747730K [0x0000000080000000, 0x00000000ada80000, 0x00000000d5580000)
  object space 748032K, 99% used [0x0000000080000000,0x00000000ada34bc8,0x00000000ada80000)
 Metaspace       used 91827K, committed 93440K, reserved 1179648K
  class space    used 9160K, committed 9920K, reserved 1048576K
}
Event: 4900.804 GC heap before
{Heap before GC invocations=2967 (full 5):
 PSYoungGen      total 3072K, used 2987K [0x00000000d5580000, 0x00000000d5c00000, 0x0000000100000000)
  eden space 1536K, 94% used [0x00000000d5580000,0x00000000d56eae30,0x00000000d5700000)
  from space 1536K, 100% used [0x00000000d5700000,0x00000000d5880000,0x00000000d5880000)
  to   space 2560K, 0% used [0x00000000d5980000,0x00000000d5980000,0x00000000d5c00000)
 ParOldGen       total 748032K, used 747730K [0x0000000080000000, 0x00000000ada80000, 0x00000000d5580000)
  object space 748032K, 99% used [0x0000000080000000,0x00000000ada34bc8,0x00000000ada80000)
 Metaspace       used 91827K, committed 93440K, reserved 1179648K
  class space    used 9160K, committed 9920K, reserved 1048576K
}
Event: 4900.810 GC heap after
{Heap after GC invocations=2967 (full 5):
 PSYoungGen      total 4096K, used 1503K [0x00000000d5580000, 0x00000000d5b80000, 0x0000000100000000)
  eden space 2048K, 0% used [0x00000000d5580000,0x00000000d5580000,0x00000000d5780000)
  from space 2048K, 73% used [0x00000000d5980000,0x00000000d5af7cb0,0x00000000d5b80000)
  to   space 2048K, 0% used [0x00000000d5780000,0x00000000d5780000,0x00000000d5980000)
 ParOldGen       total 749568K, used 749202K [0x0000000080000000, 0x00000000adc00000, 0x00000000d5580000)
  object space 749568K, 99% used [0x0000000080000000,0x00000000adba4bc8,0x00000000adc00000)
 Metaspace       used 91827K, committed 93440K, reserved 1179648K
  class space    used 9160K, committed 9920K, reserved 1048576K
}
Event: 4900.815 GC heap before
{Heap before GC invocations=2968 (full 5):
 PSYoungGen      total 4096K, used 3551K [0x00000000d5580000, 0x00000000d5b80000, 0x0000000100000000)
  eden space 2048K, 100% used [0x00000000d5580000,0x00000000d5780000,0x00000000d5780000)
  from space 2048K, 73% used [0x00000000d5980000,0x00000000d5af7cb0,0x00000000d5b80000)
  to   space 2048K, 0% used [0x00000000d5780000,0x00000000d5780000,0x00000000d5980000)
 ParOldGen       total 749568K, used 749202K [0x0000000080000000, 0x00000000adc00000, 0x00000000d5580000)
  object space 749568K, 99% used [0x0000000080000000,0x00000000adba4bc8,0x00000000adc00000)
 Metaspace       used 91827K, committed 93440K, reserved 1179648K
  class space    used 9160K, committed 9920K, reserved 1048576K
}
Event: 4900.821 GC heap after
{Heap after GC invocations=2968 (full 5):
 PSYoungGen      total 4096K, used 2047K [0x00000000d5580000, 0x00000000d6000000, 0x0000000100000000)
  eden space 2048K, 0% used [0x00000000d5580000,0x00000000d5580000,0x00000000d5780000)
  from space 2048K, 99% used [0x00000000d5780000,0x00000000d597fcb0,0x00000000d5980000)
  to   space 4096K, 0% used [0x00000000d5c00000,0x00000000d5c00000,0x00000000d6000000)
 ParOldGen       total 751104K, used 750634K [0x0000000080000000, 0x00000000add80000, 0x00000000d5580000)
  object space 751104K, 99% used [0x0000000080000000,0x00000000add0a878,0x00000000add80000)
 Metaspace       used 91827K, committed 93440K, reserved 1179648K
  class space    used 9160K, committed 9920K, reserved 1048576K
}
Event: 4900.832 GC heap before
{Heap before GC invocations=2969 (full 5):
 PSYoungGen      total 4096K, used 4095K [0x00000000d5580000, 0x00000000d6000000, 0x0000000100000000)
  eden space 2048K, 100% used [0x00000000d5580000,0x00000000d5780000,0x00000000d5780000)
  from space 2048K, 99% used [0x00000000d5780000,0x00000000d597fcb0,0x00000000d5980000)
  to   space 4096K, 0% used [0x00000000d5c00000,0x00000000d5c00000,0x00000000d6000000)
 ParOldGen       total 751104K, used 750634K [0x0000000080000000, 0x00000000add80000, 0x00000000d5580000)
  object space 751104K, 99% used [0x0000000080000000,0x00000000add0a878,0x00000000add80000)
 Metaspace       used 91827K, committed 93440K, reserved 1179648K
  class space    used 9160K, committed 9920K, reserved 1048576K
}
Event: 4900.838 GC heap after
{Heap after GC invocations=2969 (full 5):
 PSYoungGen      total 4608K, used 1664K [0x00000000d5580000, 0x00000000d5e00000, 0x0000000100000000)
  eden space 2560K, 0% used [0x00000000d5580000,0x00000000d5580000,0x00000000d5800000)
  from space 2048K, 81% used [0x00000000d5c00000,0x00000000d5da0000,0x00000000d5e00000)
  to   space 2560K, 0% used [0x00000000d5900000,0x00000000d5900000,0x00000000d5b80000)
 ParOldGen       total 752640K, used 752633K [0x0000000080000000, 0x00000000adf00000, 0x00000000d5580000)
  object space 752640K, 99% used [0x0000000080000000,0x00000000adefe528,0x00000000adf00000)
 Metaspace       used 91827K, committed 93440K, reserved 1179648K
  class space    used 9160K, committed 9920K, reserved 1048576K
}
Event: 4900.847 GC heap before
{Heap before GC invocations=2970 (full 5):
 PSYoungGen      total 4608K, used 4224K [0x00000000d5580000, 0x00000000d5e00000, 0x0000000100000000)
  eden space 2560K, 100% used [0x00000000d5580000,0x00000000d5800000,0x00000000d5800000)
  from space 2048K, 81% used [0x00000000d5c00000,0x00000000d5da0000,0x00000000d5e00000)
  to   space 2560K, 0% used [0x00000000d5900000,0x00000000d5900000,0x00000000d5b80000)
 ParOldGen       total 752640K, used 752633K [0x0000000080000000, 0x00000000adf00000, 0x00000000d5580000)
  object space 752640K, 99% used [0x0000000080000000,0x00000000adefe528,0x00000000adf00000)
 Metaspace       used 91827K, committed 93440K, reserved 1179648K
  class space    used 9160K, committed 9920K, reserved 1048576K
}
Event: 4900.852 GC heap after
{Heap after GC invocations=2970 (full 5):
 PSYoungGen      total 5632K, used 2270K [0x00000000d5580000, 0x00000000d5d80000, 0x0000000100000000)
  eden space 3072K, 0% used [0x00000000d5580000,0x00000000d5580000,0x00000000d5880000)
  from space 2560K, 88% used [0x00000000d5900000,0x00000000d5b37960,0x00000000d5b80000)
  to   space 2048K, 0% used [0x00000000d5b80000,0x00000000d5b80000,0x00000000d5d80000)
 ParOldGen       total 754176K, used 754175K [0x0000000080000000, 0x00000000ae080000, 0x00000000d5580000)
  object space 754176K, 99% used [0x0000000080000000,0x00000000ae07ff68,0x00000000ae080000)
 Metaspace       used 91827K, committed 93440K, reserved 1179648K
  class space    used 9160K, committed 9920K, reserved 1048576K
}
Event: 4900.864 GC heap before
{Heap before GC invocations=2971 (full 5):
 PSYoungGen      total 5632K, used 5342K [0x00000000d5580000, 0x00000000d5d80000, 0x0000000100000000)
  eden space 3072K, 100% used [0x00000000d5580000,0x00000000d5880000,0x00000000d5880000)
  from space 2560K, 88% used [0x00000000d5900000,0x00000000d5b37960,0x00000000d5b80000)
  to   space 2048K, 0% used [0x00000000d5b80000,0x00000000d5b80000,0x00000000d5d80000)
 ParOldGen       total 754176K, used 754175K [0x0000000080000000, 0x00000000ae080000, 0x00000000d5580000)
  object space 754176K, 99% used [0x0000000080000000,0x00000000ae07ff68,0x00000000ae080000)
 Metaspace       used 91827K, committed 93440K, reserved 1179648K
  class space    used 9160K, committed 9920K, reserved 1048576K
}
Event: 4900.868 GC heap after
{Heap after GC invocations=2971 (full 5):
 PSYoungGen      total 6144K, used 1534K [0x00000000d5580000, 0x00000000d5d80000, 0x0000000100000000)
  eden space 4096K, 0% used [0x00000000d5580000,0x00000000d5580000,0x00000000d5980000)
  from space 2048K, 74% used [0x00000000d5b80000,0x00000000d5cff960,0x00000000d5d80000)
  to   space 2048K, 0% used [0x00000000d5980000,0x00000000d5980000,0x00000000d5b80000)
 ParOldGen       total 754688K, used 754531K [0x0000000080000000, 0x00000000ae100000, 0x00000000d5580000)
  object space 754688K, 99% used [0x0000000080000000,0x00000000ae0d8dd8,0x00000000ae100000)
 Metaspace       used 91827K, committed 93440K, reserved 1179648K
  class space    used 9160K, committed 9920K, reserved 1048576K
}

